<?xml version="1.0" encoding="UTF-8"?>
<!-- Generated by org.testng.reporters.JUnitReportReporter -->
<testsuite hostname="Jesses-MBP" failures="0" tests="1" name="practice.AppiumFramework.Econmerce_pageObject" time="29.832" errors="0" timestamp="17 May 2020 04:38:44 GMT" skipped="0">
  <testcase classname="practice.AppiumFramework.Econmerce_pageObject" name="totalValidatio" time="29.832"/>
</testsuite> <!-- practice.AppiumFramework.Econmerce_pageObject -->
