<?xml version="1.0" encoding="UTF-8"?>
<!-- Generated by org.testng.reporters.JUnitReportReporter -->
<testsuite hostname="Jesses-MBP" failures="0" tests="1" name="practice.AppiumFramework.ecommerce_tc_1_4" time="29.095" errors="0" timestamp="16 May 2020 05:47:23 GMT" skipped="0">
  <testcase classname="practice.AppiumFramework.ecommerce_tc_1_4" name="totalValidatio" time="29.095"/>
</testsuite> <!-- practice.AppiumFramework.ecommerce_tc_1_4 -->
