<?xml version="1.0" encoding="UTF-8"?>
<!-- Generated by org.testng.reporters.JUnitReportReporter -->
<testsuite hostname="Jesses-MBP" failures="0" tests="1" name="practice.AppiumFramework.ecommerce_tc_1_3" time="24.638" errors="0" timestamp="16 May 2020 08:05:13 GMT" skipped="0">
  <testcase classname="practice.AppiumFramework.ecommerce_tc_1_3" name="totalValidatio" time="24.638"/>
</testsuite> <!-- practice.AppiumFramework.ecommerce_tc_1_3 -->
