<?xml version="1.0" encoding="UTF-8"?>
<!-- Generated by org.testng.reporters.JUnitReportReporter -->
<testsuite hostname="Jesses-MBP" failures="0" tests="1" name="practice.AppiumFramework.Econmerce_totalValidation" time="25.523" errors="0" timestamp="17 May 2020 09:52:15 GMT" skipped="0">
  <testcase classname="practice.AppiumFramework.Econmerce_totalValidation" name="totalValidation" time="25.523"/>
</testsuite> <!-- practice.AppiumFramework.Econmerce_totalValidation -->
